<?xml version="1.0" encoding="UTF-8"?>
<testsuite xmlns:xsi="http://www.w3.org/2001/XMLSchema-instance" xsi:noNamespaceSchemaLocation="https://maven.apache.org/surefire/maven-surefire-plugin/xsd/surefire-test-report-3.0.xsd" version="3.0" name="com.practice.claims.ClaimsApplicationTests" time="5.45" tests="11" errors="0" skipped="0" failures="0">
  <properties>
[...]
</properties>
  <testcase name="createClaim_validFirstClaim" classname="com.practice.claims.ClaimsApplicationTests" time="0.71">
    <system-out><![CDATA[14:12:47.628 [main] INFO org.springframework.test.context.support.AnnotationConfigContextLoaderUtils -- Could not detect default configuration classes for test class [com.practice.claims.ClaimsApplicationTests]: ClaimsApplicationTests does not declare any static, non-private, non-final, nested classes annotated with @Configuration.
14:12:47.741 [main] INFO org.springframework.boot.test.context.SpringBootTestContextBootstrapper -- Found @SpringBootConfiguration com.practice.claims.ClaimsApplication for test class com.practice.claims.ClaimsApplicationTests

  .   ____          _            __ _ _
 /\\ / ___'_ __ _ _(_)_ __  __ _ \ \ \ \
( ( )\___ | '_ | '_| | '_ \/ _` | \ \ \ \
 \\/  ___)| |_)| | | | | || (_| |  ) ) ) )
  '  |____| .__|_| |_|_| |_\__, | / / / /
 =========|_|==============|___/=/_/_/_/

 :: Spring Boot ::                (v3.3.6)

2026-05-25T14:12:48.067-07:00  INFO 20060 --- [           main] c.p.claims.ClaimsApplicationTests        : Starting ClaimsApplicationTests using Java 17.0.18 with PID 20060 (started by ayush in C:\Projects\spring-boot\claims-system\claims-test)
2026-05-25T14:12:48.068-07:00  INFO 20060 --- [           main] c.p.claims.ClaimsApplicationTests        : No active profile set, falling back to 1 default profile: "default"
2026-05-25T14:12:48.624-07:00  INFO 20060 --- [           main] .s.d.r.c.RepositoryConfigurationDelegate : Bootstrapping Spring Data JPA repositories in DEFAULT mode.
2026-05-25T14:12:48.679-07:00  INFO 20060 --- [           main] .s.d.r.c.RepositoryConfigurationDelegate : Finished Spring Data repository scanning in 47 ms. Found 2 JPA repository interfaces.
2026-05-25T14:12:49.098-07:00  INFO 20060 --- [           main] com.zaxxer.hikari.HikariDataSource       : HikariPool-1 - Starting...
2026-05-25T14:12:49.317-07:00  INFO 20060 --- [           main] com.zaxxer.hikari.pool.HikariPool        : HikariPool-1 - Added connection conn0: url=jdbc:h2:mem:claimsdb user=SA
2026-05-25T14:12:49.319-07:00  INFO 20060 --- [           main] com.zaxxer.hikari.HikariDataSource       : HikariPool-1 - Start completed.
2026-05-25T14:12:49.382-07:00  INFO 20060 --- [           main] o.hibernate.jpa.internal.util.LogHelper  : HHH000204: Processing PersistenceUnitInfo [name: default]
2026-05-25T14:12:49.444-07:00  INFO 20060 --- [           main] org.hibernate.Version                    : HHH000412: Hibernate ORM core version 6.5.3.Final
2026-05-25T14:12:49.475-07:00  INFO 20060 --- [           main] o.h.c.internal.RegionFactoryInitiator    : HHH000026: Second-level cache disabled
2026-05-25T14:12:49.797-07:00  INFO 20060 --- [           main] o.s.o.j.p.SpringPersistenceUnitInfo      : No LoadTimeWeaver setup: ignoring JPA class transformer
2026-05-25T14:12:50.425-07:00  INFO 20060 --- [           main] o.h.e.t.j.p.i.JtaPlatformInitiator       : HHH000489: No JTA platform available (set 'hibernate.transaction.jta.platform' to enable JTA platform integration)
Hibernate: drop table if exists claim cascade 
Hibernate: drop table if exists policy cascade 
Hibernate: create table claim (amount float(53) not null, created_time timestamp(6), id bigint generated by default as identity, claim_id varchar(255) not null, policy_number varchar(255) not null, reference_number varchar(255) unique, status enum ('APPROVED','REJECTED','UNDER_REVIEW'), primary key (id))
Hibernate: create table policy (policy_amount float(53) not null, policy_end timestamp(6), policy_start timestamp(6), policy_number varchar(255) not null, primary key (policy_number))
Hibernate: alter table if exists claim add constraint FKogvxgjdd9qxqio11uqwit68ao foreign key (policy_number) references policy
2026-05-25T14:12:50.464-07:00  INFO 20060 --- [           main] j.LocalContainerEntityManagerFactoryBean : Initialized JPA EntityManagerFactory for persistence unit 'default'
2026-05-25T14:12:50.836-07:00  INFO 20060 --- [           main] o.s.d.j.r.query.QueryEnhancerFactory     : Hibernate is in classpath; If applicable, HQL parser will be used.
2026-05-25T14:12:51.501-07:00  WARN 20060 --- [           main] JpaBaseConfiguration$JpaWebConfiguration : spring.jpa.open-in-view is enabled by default. Therefore, database queries may be performed during view rendering. Explicitly configure spring.jpa.open-in-view to disable this warning
2026-05-25T14:12:51.971-07:00  INFO 20060 --- [           main] o.s.b.a.h2.H2ConsoleAutoConfiguration    : H2 console available at '/h2-console'. Database available at 'jdbc:h2:mem:claimsdb'
2026-05-25T14:12:52.054-07:00  INFO 20060 --- [           main] o.s.b.t.m.w.SpringBootMockServletContext : Initializing Spring TestDispatcherServlet ''
2026-05-25T14:12:52.054-07:00  INFO 20060 --- [           main] o.s.t.web.servlet.TestDispatcherServlet  : Initializing Servlet ''
2026-05-25T14:12:52.057-07:00  INFO 20060 --- [           main] o.s.t.web.servlet.TestDispatcherServlet  : Completed initialization in 2 ms
2026-05-25T14:12:52.081-07:00  INFO 20060 --- [           main] c.p.claims.ClaimsApplicationTests        : Started ClaimsApplicationTests in 4.212 seconds (process running for 4.995)
Hibernate: select p1_0.policy_number from policy p1_0 where p1_0.policy_number=? fetch first ? rows only
Hibernate: select c1_0.id from claim c1_0 where c1_0.claim_id=? fetch first ? rows only
Hibernate: select p1_0.policy_number,p1_0.policy_amount,p1_0.policy_end,p1_0.policy_start from policy p1_0 where p1_0.policy_number=?
Hibernate: select count(c1_0.id) from claim c1_0 where c1_0.policy_number=? and c1_0.created_time>=?
Hibernate: select p1_0.policy_number,p1_0.policy_amount,p1_0.policy_end,p1_0.policy_start from policy p1_0 where p1_0.policy_number=?
Hibernate: insert into claim (amount,claim_id,created_time,policy_number,reference_number,status,id) values (?,?,?,?,?,?,default)
]]></system-out>
  </testcase>
  <testcase name="createClaim_duplicateClaimId_returns409" classname="com.practice.claims.ClaimsApplicationTests" time="0.012">
    <system-out><![CDATA[Hibernate: select p1_0.policy_number from policy p1_0 where p1_0.policy_number=? fetch first ? rows only
Hibernate: select c1_0.id from claim c1_0 where c1_0.claim_id=? fetch first ? rows only
]]></system-out>
  </testcase>
  <testcase name="createClaim_amountEqualToPolicyAmount_returnsRejected" classname="com.practice.claims.ClaimsApplicationTests" time="0.013">
    <system-out><![CDATA[Hibernate: select p1_0.policy_number from policy p1_0 where p1_0.policy_number=? fetch first ? rows only
Hibernate: select c1_0.id from claim c1_0 where c1_0.claim_id=? fetch first ? rows only
Hibernate: select p1_0.policy_number,p1_0.policy_amount,p1_0.policy_end,p1_0.policy_start from policy p1_0 where p1_0.policy_number=?
Hibernate: select p1_0.policy_number,p1_0.policy_amount,p1_0.policy_end,p1_0.policy_start from policy p1_0 where p1_0.policy_number=?
Hibernate: insert into claim (amount,claim_id,created_time,policy_number,reference_number,status,id) values (?,?,?,?,?,?,default)
]]></system-out>
  </testcase>
  <testcase name="createClaim_invalidPolicyNumber_returns400" classname="com.practice.claims.ClaimsApplicationTests" time="0.007">
    <system-out><![CDATA[Hibernate: select p1_0.policy_number from policy p1_0 where p1_0.policy_number=? fetch first ? rows only
]]></system-out>
  </testcase>
  <testcase name="createClaim_validOnSecondPolicy_returnsApproved" classname="com.practice.claims.ClaimsApplicationTests" time="0.014">
    <system-out><![CDATA[Hibernate: select p1_0.policy_number from policy p1_0 where p1_0.policy_number=? fetch first ? rows only
Hibernate: select c1_0.id from claim c1_0 where c1_0.claim_id=? fetch first ? rows only
Hibernate: select p1_0.policy_number,p1_0.policy_amount,p1_0.policy_end,p1_0.policy_start from policy p1_0 where p1_0.policy_number=?
Hibernate: select count(c1_0.id) from claim c1_0 where c1_0.policy_number=? and c1_0.created_time>=?
Hibernate: select p1_0.policy_number,p1_0.policy_amount,p1_0.policy_end,p1_0.policy_start from policy p1_0 where p1_0.policy_number=?
Hibernate: insert into claim (amount,claim_id,created_time,policy_number,reference_number,status,id) values (?,?,?,?,?,?,default)
]]></system-out>
  </testcase>
  <testcase name="createClaim_secondClaimOnSamePolicy_returnsApproved" classname="com.practice.claims.ClaimsApplicationTests" time="0.013">
    <system-out><![CDATA[Hibernate: select p1_0.policy_number from policy p1_0 where p1_0.policy_number=? fetch first ? rows only
Hibernate: select c1_0.id from claim c1_0 where c1_0.claim_id=? fetch first ? rows only
Hibernate: select p1_0.policy_number,p1_0.policy_amount,p1_0.policy_end,p1_0.policy_start from policy p1_0 where p1_0.policy_number=?
Hibernate: select count(c1_0.id) from claim c1_0 where c1_0.policy_number=? and c1_0.created_time>=?
Hibernate: select p1_0.policy_number,p1_0.policy_amount,p1_0.policy_end,p1_0.policy_start from policy p1_0 where p1_0.policy_number=?
Hibernate: insert into claim (amount,claim_id,created_time,policy_number,reference_number,status,id) values (?,?,?,?,?,?,default)
]]></system-out>
  </testcase>
  <testcase name="createClaim_fraudCheck_returnsUnderReview" classname="com.practice.claims.ClaimsApplicationTests" time="0.013">
    <system-out><![CDATA[Hibernate: select p1_0.policy_number from policy p1_0 where p1_0.policy_number=? fetch first ? rows only
Hibernate: select c1_0.id from claim c1_0 where c1_0.claim_id=? fetch first ? rows only
Hibernate: select p1_0.policy_number,p1_0.policy_amount,p1_0.policy_end,p1_0.policy_start from policy p1_0 where p1_0.policy_number=?
Hibernate: select count(c1_0.id) from claim c1_0 where c1_0.policy_number=? and c1_0.created_time>=?
Hibernate: select p1_0.policy_number,p1_0.policy_amount,p1_0.policy_end,p1_0.policy_start from policy p1_0 where p1_0.policy_number=?
Hibernate: insert into claim (amount,claim_id,created_time,policy_number,reference_number,status,id) values (?,?,?,?,?,?,default)
]]></system-out>
  </testcase>
  <testcase name="createClaim_missingPolicyNumber_returns400" classname="com.practice.claims.ClaimsApplicationTests" time="0.02"/>
  <testcase name="fetchClaim_existingClaim_returns200" classname="com.practice.claims.ClaimsApplicationTests" time="0.018">
    <system-out><![CDATA[Hibernate: select c1_0.id,c1_0.amount,c1_0.claim_id,c1_0.created_time,c1_0.policy_number,c1_0.reference_number,c1_0.status from claim c1_0 where c1_0.claim_id=?
]]></system-out>
  </testcase>
  <testcase name="fetchClaim_unknownClaimId_returns404" classname="com.practice.claims.ClaimsApplicationTests" time="0.007">
    <system-out><![CDATA[Hibernate: select c1_0.id,c1_0.amount,c1_0.claim_id,c1_0.created_time,c1_0.policy_number,c1_0.reference_number,c1_0.status from claim c1_0 where c1_0.claim_id=?
]]></system-out>
  </testcase>
  <testcase name="fetchClaim_withoutClaimId_returns405" classname="com.practice.claims.ClaimsApplicationTests" time="0.006">
    <system-out><![CDATA[2026-05-25T14:12:52.950-07:00  WARN 20060 --- [           main] .w.s.m.s.DefaultHandlerExceptionResolver : Resolved [org.springframework.web.HttpRequestMethodNotSupportedException: Request method 'GET' is not supported]
]]></system-out>
  </testcase>
</testsuite>